Microsoft (R) Help Compiler
HCRTF 4.03.0002
Copyright (c) Microsoft Corp 1990 - 1995. All rights reserved.
Asm.hpj
    HC1012: Note: topic #1 of c:\Andrew\Lekin\LekinVersions\GoodLekin\Asm\Hlp\Intro.rtf : 
	Table cell borders are not supported.
    HC1012: Note: topic #5 of c:\Andrew\Lekin\LekinVersions\GoodLekin\Asm\Hlp\Intro.rtf : 
	Table cell borders are not supported.
    HC1012: Note: topic #7 of c:\Andrew\Lekin\LekinVersions\GoodLekin\Asm\Hlp\Intro.rtf : 
	Table cell borders are not supported.
    HC1012: Note: topic #2 of c:\Andrew\Lekin\LekinVersions\GoodLekin\Asm\Hlp\Windows.rtf : 
	Table cell borders are not supported.
    HC1012: Note: topic #3 of c:\Andrew\Lekin\LekinVersions\GoodLekin\Asm\Hlp\Windows.rtf : 
	Table cell borders are not supported.
    HC1012: Note: topic #4 of c:\Andrew\Lekin\LekinVersions\GoodLekin\Asm\Hlp\Windows.rtf : 
	Table cell borders are not supported.
    HC1012: Note: topic #6 of c:\Andrew\Lekin\LekinVersions\GoodLekin\Asm\Hlp\Windows.rtf : 
	Table cell borders are not supported.
    HC1012: Note: topic #8 of c:\Andrew\Lekin\LekinVersions\GoodLekin\Asm\Hlp\Windows.rtf : 
	Table cell borders are not supported.
165	Topics
511	Jumps
145	Keywords
87	Bitmaps


Created c:\Andrew\Lekin\LekinVersions\GoodLekin\Asm\Hlp\Asm.hlp, 174,877 bytes
Bitmaps: 57,725 bytes
Hall+Zeck compression decreased help file by 86,647 bytes.
Compile time: 0 minutes, 3 seconds
8 notes, 0 warnings
